<?xml version="1.0" encoding="UTF-8"?>
<!-- Generated by org.testng.reporters.JUnitXMLReporter -->
<testsuite ignored="0" hostname="DESKTOP-MUTIL2M" failures="0" tests="1" name="Test" time="0.46" errors="0" timestamp="2025-06-10T19:26:57 IST">
  <testcase classname="Script_login.genericscript" name="@BeforeMethod launchapp" time="0.274">
    <failure type="org.openqa.selenium.remote.NoSuchDriverException" message="Unable to obtain: chromedriver, error chromedriver must exist: .\Path\chromedriver.exe
For documentation on this error, please visit: https://www.selenium.dev/documentation/webdriver/troubleshooting/errors/driver_location/
Build info: version: &amp;apos;4.23.0&amp;apos;, revision: &amp;apos;4df0a231af&amp;apos;
System info: os.name: &amp;apos;Windows 10&amp;apos;, os.arch: &amp;apos;amd64&amp;apos;, os.version: &amp;apos;10.0&amp;apos;, java.version: &amp;apos;21.0.5&amp;apos;
Driver info: driver.version: ChromeDriver">
      <![CDATA[org.openqa.selenium.remote.NoSuchDriverException: Unable to obtain: chromedriver, error chromedriver must exist: .\Path\chromedriver.exe
For documentation on this error, please visit: https://www.selenium.dev/documentation/webdriver/troubleshooting/errors/driver_location/
Build info: version: '4.23.0', revision: '4df0a231af'
System info: os.name: 'Windows 10', os.arch: 'amd64', os.version: '10.0', java.version: '21.0.5'
Driver info: driver.version: ChromeDriver
at org.openqa.selenium.remote.service.DriverFinder.getBinaryPaths(DriverFinder.java:121)
at org.openqa.selenium.remote.service.DriverFinder.getDriverPath(DriverFinder.java:55)
at org.openqa.selenium.chrome.ChromeDriver.generateExecutor(ChromeDriver.java:99)
at org.openqa.selenium.chrome.ChromeDriver.<init>(ChromeDriver.java:88)
at org.openqa.selenium.chrome.ChromeDriver.<init>(ChromeDriver.java:83)
at org.openqa.selenium.chrome.ChromeDriver.<init>(ChromeDriver.java:51)
at Script_login.genericscript.launchapp(genericscript.java:19)
at java.base/java.util.ArrayList.forEach(ArrayList.java:1596)
Caused by: java.lang.IllegalStateException: chromedriver must exist: .\Path\chromedriver.exe
at org.openqa.selenium.internal.Require$PathStateChecker.isExecutable(Require.java:478)
at org.openqa.selenium.remote.service.DriverFinder.getBinaryPaths(DriverFinder.java:118)
... 36 more
... Removed 29 stack frames]]>
    </failure>
  </testcase> <!-- @BeforeMethod launchapp -->
  <testcase classname="Script_login.genericscript" name="@AfterMethod closeapp" time="-1.749563817678E9">
    <skipped/>
  </testcase> <!-- @AfterMethod closeapp -->
  <testcase classname="Script_login.test" name="Test1" time="0.0">
    <skipped/>
  </testcase> <!-- Test1 -->
</testsuite> <!-- Test -->
