<?xml version="1.0" encoding="UTF-8"?>
<testng-results ignored="0" total="1" passed="1" failed="0" skipped="0">
  <reporter-output>
  </reporter-output>
  <suite started-at="2025-08-02T15:58:10 IST" name="Default suite" finished-at="2025-08-02T15:58:14 IST" duration-ms="4367">
    <groups>
    </groups>
    <test started-at="2025-08-02T15:58:10 IST" name="Default test" finished-at="2025-08-02T15:58:14 IST" duration-ms="4367">
      <class name="Script_login.testclass1$test">
        <test-method is-config="true" signature="launchapp()[pri:0, instance:Script_login.testclass1$test@139982de]" started-at="2025-08-02T15:58:10 IST" name="launchapp" finished-at="2025-08-02T15:58:12 IST" duration-ms="2320" status="PASS">
          <reporter-output>
          </reporter-output>
        </test-method> <!-- launchapp -->
        <test-method signature="test1()[pri:0, instance:Script_login.testclass1$test@139982de]" started-at="2025-08-02T15:58:12 IST" name="test1" finished-at="2025-08-02T15:58:14 IST" duration-ms="1975" status="PASS">
          <reporter-output>
          </reporter-output>
        </test-method> <!-- test1 -->
        <test-method is-config="true" signature="closeapp()[pri:0, instance:Script_login.testclass1$test@139982de]" started-at="2025-08-02T15:58:14 IST" name="closeapp" finished-at="2025-08-02T15:58:14 IST" duration-ms="1" status="PASS">
          <reporter-output>
          </reporter-output>
        </test-method> <!-- closeapp -->
      </class> <!-- Script_login.testclass1$test -->
    </test> <!-- Default test -->
  </suite> <!-- Default suite -->
</testng-results>
